<?xml version="1.0" encoding="UTF-8"?>
<testng-results ignored="0" total="1" passed="1" failed="0" skipped="0">
  <reporter-output>
  </reporter-output>
  <suite started-at="2024-08-29T13:17:21 IST" name="Default suite" finished-at="2024-08-29T13:17:24 IST" duration-ms="3133">
    <groups>
    </groups>
    <test started-at="2024-08-29T13:17:21 IST" name="Default test" finished-at="2024-08-29T13:17:24 IST" duration-ms="3133">
      <class name="JsonPathAndJsonXPath.ImplementingJsonPathSyntax">
        <test-method signature="jsonPathSyntaxMtd()[pri:0, instance:JsonPathAndJsonXPath.ImplementingJsonPathSyntax@7817fd62]" started-at="2024-08-29T13:17:21 IST" name="jsonPathSyntaxMtd" finished-at="2024-08-29T13:17:24 IST" duration-ms="3072" status="PASS">
          <reporter-output>
          </reporter-output>
        </test-method> <!-- jsonPathSyntaxMtd -->
      </class> <!-- JsonPathAndJsonXPath.ImplementingJsonPathSyntax -->
    </test> <!-- Default test -->
  </suite> <!-- Default suite -->
</testng-results>
